# JRE version: OpenJDK Runtime Environment Temurin-21.0.8+9 (21.0.8+9) (build 21.0.8+9-LTS)
# Java VM: OpenJDK 64-Bit Server VM Temurin-21.0.8+9 (21.0.8+9-LTS, mixed mode, sharing, tiered, compressed oops, compressed class ptrs, parallel gc, windows-amd64)
GC Precious Log:
 CardTable entry size: 512
 CPUs: 12 total, 12 available
 Memory: 15697M
 Large Page Support: Disabled
 NUMA Support: Disabled
 Compressed Oops: Enabled (32-bit)
 Alignments: Space 512K, Generation 512K, Heap 2M
 Heap Min Capacity: 100M
 Heap Initial Capacity: 100M
 Heap Max Capacity: 2G
 Pre-touch: Disabled
 Parallel Workers: 10
Heap:
 PSYoungGen      total 16896K, used 11789K [0x00000000d5580000, 0x00000000d6800000, 0x0000000100000000)
  eden space 15360K, 69% used [0x00000000d5580000,0x00000000d5fe8848,0x00000000d6480000)
  from space 1536K, 73% used [0x00000000d6480000,0x00000000d659ac78,0x00000000d6600000)
  to   space 1536K, 0% used [0x00000000d6680000,0x00000000d6680000,0x00000000d6800000)
 ParOldGen       total 68608K, used 41270K [0x0000000080000000, 0x0000000084300000, 0x00000000d5580000)
  object space 68608K, 60% used [0x0000000080000000,0x000000008284db28,0x0000000084300000)
 Metaspace       used 60752K, committed 62080K, reserved 1114112K
  class space    used 6497K, committed 7040K, reserved 1048576K
GC Heap History (20 events):
Event: 6.059 GC heap before
{Heap before GC invocations=29 (full 2):
 PSYoungGen      total 21504K, used 21504K [0x00000000d5580000, 0x00000000d6e80000, 0x0000000100000000)
  eden space 20480K, 100% used [0x00000000d5580000,0x00000000d6980000,0x00000000d6980000)
  from space 1024K, 100% used [0x00000000d6b80000,0x00000000d6c80000,0x00000000d6c80000)
  to   space 2048K, 0% used [0x00000000d6980000,0x00000000d6980000,0x00000000d6b80000)
 ParOldGen       total 68608K, used 36763K [0x0000000080000000, 0x0000000084300000, 0x00000000d5580000)
  object space 68608K, 53% used [0x0000000080000000,0x00000000823e6f00,0x0000000084300000)
 Metaspace       used 49809K, committed 51072K, reserved 1114112K
  class space    used 5397K, committed 5952K, reserved 1048576K
}
Event: 6.061 GC heap after
{Heap after GC invocations=29 (full 2):
 PSYoungGen      total 21504K, used 896K [0x00000000d5580000, 0x00000000d6c80000, 0x0000000100000000)
  eden space 20480K, 0% used [0x00000000d5580000,0x00000000d5580000,0x00000000d6980000)
  from space 1024K, 87% used [0x00000000d6980000,0x00000000d6a60000,0x00000000d6a80000)
  to   space 1536K, 0% used [0x00000000d6b00000,0x00000000d6b00000,0x00000000d6c80000)
 ParOldGen       total 68608K, used 37667K [0x0000000080000000, 0x0000000084300000, 0x00000000d5580000)
  object space 68608K, 54% used [0x0000000080000000,0x00000000824c8f00,0x0000000084300000)
 Metaspace       used 49809K, committed 51072K, reserved 1114112K
  class space    used 5397K, committed 5952K, reserved 1048576K
}
Event: 6.441 GC heap before
{Heap before GC invocations=30 (full 2):
 PSYoungGen      total 21504K, used 21375K [0x00000000d5580000, 0x00000000d6c80000, 0x0000000100000000)
  eden space 20480K, 99% used [0x00000000d5580000,0x00000000d697fff8,0x00000000d6980000)
  from space 1024K, 87% used [0x00000000d6980000,0x00000000d6a60000,0x00000000d6a80000)
  to   space 1536K, 0% used [0x00000000d6b00000,0x00000000d6b00000,0x00000000d6c80000)
 ParOldGen       total 68608K, used 37667K [0x0000000080000000, 0x0000000084300000, 0x00000000d5580000)
  object space 68608K, 54% used [0x0000000080000000,0x00000000824c8f00,0x0000000084300000)
 Metaspace       used 52322K, committed 53632K, reserved 1114112K
  class space    used 5653K, committed 6208K, reserved 1048576K
}
Event: 6.444 GC heap after
{Heap after GC invocations=30 (full 2):
 PSYoungGen      total 20480K, used 1533K [0x00000000d5580000, 0x00000000d6f80000, 0x0000000100000000)
  eden space 18944K, 0% used [0x00000000d5580000,0x00000000d5580000,0x00000000d6800000)
  from space 1536K, 99% used [0x00000000d6b00000,0x00000000d6c7f7d0,0x00000000d6c80000)
  to   space 3072K, 0% used [0x00000000d6800000,0x00000000d6800000,0x00000000d6b00000)
 ParOldGen       total 68608K, used 38635K [0x0000000080000000, 0x0000000084300000, 0x00000000d5580000)
  object space 68608K, 56% used [0x0000000080000000,0x00000000825baf20,0x0000000084300000)
 Metaspace       used 52322K, committed 53632K, reserved 1114112K
  class space    used 5653K, committed 6208K, reserved 1048576K
}
Event: 6.754 GC heap before
{Heap before GC invocations=31 (full 2):
 PSYoungGen      total 20480K, used 20477K [0x00000000d5580000, 0x00000000d6f80000, 0x0000000100000000)
  eden space 18944K, 100% used [0x00000000d5580000,0x00000000d6800000,0x00000000d6800000)
  from space 1536K, 99% used [0x00000000d6b00000,0x00000000d6c7f7d0,0x00000000d6c80000)
  to   space 3072K, 0% used [0x00000000d6800000,0x00000000d6800000,0x00000000d6b00000)
 ParOldGen       total 68608K, used 38635K [0x0000000080000000, 0x0000000084300000, 0x00000000d5580000)
  object space 68608K, 56% used [0x0000000080000000,0x00000000825baf20,0x0000000084300000)
 Metaspace       used 54069K, committed 55360K, reserved 1114112K
  class space    used 5841K, committed 6400K, reserved 1048576K
}
Event: 6.756 GC heap after
{Heap after GC invocations=31 (full 2):
 PSYoungGen      total 19968K, used 768K [0x00000000d5580000, 0x00000000d6b80000, 0x0000000100000000)
  eden space 18944K, 0% used [0x00000000d5580000,0x00000000d5580000,0x00000000d6800000)
  from space 1024K, 75% used [0x00000000d6800000,0x00000000d68c0000,0x00000000d6900000)
  to   space 1536K, 0% used [0x00000000d6a00000,0x00000000d6a00000,0x00000000d6b80000)
 ParOldGen       total 68608K, used 40112K [0x0000000080000000, 0x0000000084300000, 0x00000000d5580000)
  object space 68608K, 58% used [0x0000000080000000,0x000000008272c058,0x0000000084300000)
 Metaspace       used 54069K, committed 55360K, reserved 1114112K
  class space    used 5841K, committed 6400K, reserved 1048576K
}
Event: 7.100 GC heap before
{Heap before GC invocations=32 (full 2):
 PSYoungGen      total 19968K, used 19712K [0x00000000d5580000, 0x00000000d6b80000, 0x0000000100000000)
  eden space 18944K, 100% used [0x00000000d5580000,0x00000000d6800000,0x00000000d6800000)
  from space 1024K, 75% used [0x00000000d6800000,0x00000000d68c0000,0x00000000d6900000)
  to   space 1536K, 0% used [0x00000000d6a00000,0x00000000d6a00000,0x00000000d6b80000)
 ParOldGen       total 68608K, used 40112K [0x0000000080000000, 0x0000000084300000, 0x00000000d5580000)
  object space 68608K, 58% used [0x0000000080000000,0x000000008272c058,0x0000000084300000)
 Metaspace       used 54835K, committed 56128K, reserved 1114112K
  class space    used 5886K, committed 6464K, reserved 1048576K
}
Event: 7.105 GC heap after
{Heap after GC invocations=32 (full 2):
 PSYoungGen      total 16896K, used 1517K [0x00000000d5580000, 0x00000000d7300000, 0x0000000100000000)
  eden space 15360K, 0% used [0x00000000d5580000,0x00000000d5580000,0x00000000d6480000)
  from space 1536K, 98% used [0x00000000d6a00000,0x00000000d6b7b710,0x00000000d6b80000)
  to   space 5632K, 0% used [0x00000000d6480000,0x00000000d6480000,0x00000000d6a00000)
 ParOldGen       total 68608K, used 43133K [0x0000000080000000, 0x0000000084300000, 0x00000000d5580000)
  object space 68608K, 62% used [0x0000000080000000,0x0000000082a1f6d0,0x0000000084300000)
 Metaspace       used 54835K, committed 56128K, reserved 1114112K
  class space    used 5886K, committed 6464K, reserved 1048576K
}
Event: 7.215 GC heap before
{Heap before GC invocations=33 (full 2):
 PSYoungGen      total 16896K, used 16877K [0x00000000d5580000, 0x00000000d7300000, 0x0000000100000000)
  eden space 15360K, 100% used [0x00000000d5580000,0x00000000d6480000,0x00000000d6480000)
  from space 1536K, 98% used [0x00000000d6a00000,0x00000000d6b7b710,0x00000000d6b80000)
  to   space 5632K, 0% used [0x00000000d6480000,0x00000000d6480000,0x00000000d6a00000)
 ParOldGen       total 68608K, used 43133K [0x0000000080000000, 0x0000000084300000, 0x00000000d5580000)
  object space 68608K, 62% used [0x0000000080000000,0x0000000082a1f6d0,0x0000000084300000)
 Metaspace       used 54866K, committed 56128K, reserved 1114112K
  class space    used 5886K, committed 6464K, reserved 1048576K
}
Event: 7.219 GC heap after
{Heap after GC invocations=33 (full 2):
 PSYoungGen      total 16896K, used 1076K [0x00000000d5580000, 0x00000000d6a80000, 0x0000000100000000)
  eden space 15360K, 0% used [0x00000000d5580000,0x00000000d5580000,0x00000000d6480000)
  from space 1536K, 70% used [0x00000000d6480000,0x00000000d658d0d0,0x00000000d6600000)
  to   space 2560K, 0% used [0x00000000d6800000,0x00000000d6800000,0x00000000d6a80000)
 ParOldGen       total 68608K, used 44664K [0x0000000080000000, 0x0000000084300000, 0x00000000d5580000)
  object space 68608K, 65% used [0x0000000080000000,0x0000000082b9e3c8,0x0000000084300000)
 Metaspace       used 54866K, committed 56128K, reserved 1114112K
  class space    used 5886K, committed 6464K, reserved 1048576K
}
Event: 7.392 GC heap before
{Heap before GC invocations=34 (full 2):
 PSYoungGen      total 16896K, used 16436K [0x00000000d5580000, 0x00000000d6a80000, 0x0000000100000000)
  eden space 15360K, 100% used [0x00000000d5580000,0x00000000d6480000,0x00000000d6480000)
  from space 1536K, 70% used [0x00000000d6480000,0x00000000d658d0d0,0x00000000d6600000)
  to   space 2560K, 0% used [0x00000000d6800000,0x00000000d6800000,0x00000000d6a80000)
 ParOldGen       total 68608K, used 44664K [0x0000000080000000, 0x0000000084300000, 0x00000000d5580000)
  object space 68608K, 65% used [0x0000000080000000,0x0000000082b9e3c8,0x0000000084300000)
 Metaspace       used 56005K, committed 57280K, reserved 1114112K
  class space    used 5983K, committed 6528K, reserved 1048576K
}
Event: 7.393 GC heap after
{Heap after GC invocations=34 (full 2):
 PSYoungGen      total 15872K, used 320K [0x00000000d5580000, 0x00000000d6880000, 0x0000000100000000)
  eden space 15360K, 0% used [0x00000000d5580000,0x00000000d5580000,0x00000000d6480000)
  from space 512K, 62% used [0x00000000d6800000,0x00000000d6850000,0x00000000d6880000)
  to   space 1024K, 0% used [0x00000000d6680000,0x00000000d6680000,0x00000000d6780000)
 ParOldGen       total 68608K, used 44915K [0x0000000080000000, 0x0000000084300000, 0x00000000d5580000)
  object space 68608K, 65% used [0x0000000080000000,0x0000000082bdcce8,0x0000000084300000)
 Metaspace       used 56005K, committed 57280K, reserved 1114112K
  class space    used 5983K, committed 6528K, reserved 1048576K
}
Event: 7.839 GC heap before
{Heap before GC invocations=35 (full 2):
 PSYoungGen      total 15872K, used 15679K [0x00000000d5580000, 0x00000000d6880000, 0x0000000100000000)
  eden space 15360K, 99% used [0x00000000d5580000,0x00000000d647ffd0,0x00000000d6480000)
  from space 512K, 62% used [0x00000000d6800000,0x00000000d6850000,0x00000000d6880000)
  to   space 1024K, 0% used [0x00000000d6680000,0x00000000d6680000,0x00000000d6780000)
 ParOldGen       total 68608K, used 44915K [0x0000000080000000, 0x0000000084300000, 0x00000000d5580000)
  object space 68608K, 65% used [0x0000000080000000,0x0000000082bdcce8,0x0000000084300000)
 Metaspace       used 57574K, committed 58816K, reserved 1114112K
  class space    used 6194K, committed 6720K, reserved 1048576K
}
Event: 7.840 GC heap after
{Heap after GC invocations=35 (full 2):
 PSYoungGen      total 16384K, used 995K [0x00000000d5580000, 0x00000000d6880000, 0x0000000100000000)
  eden space 15360K, 0% used [0x00000000d5580000,0x00000000d5580000,0x00000000d6480000)
  from space 1024K, 97% used [0x00000000d6680000,0x00000000d6778e50,0x00000000d6780000)
  to   space 1024K, 0% used [0x00000000d6780000,0x00000000d6780000,0x00000000d6880000)
 ParOldGen       total 68608K, used 45011K [0x0000000080000000, 0x0000000084300000, 0x00000000d5580000)
  object space 68608K, 65% used [0x0000000080000000,0x0000000082bf4ce8,0x0000000084300000)
 Metaspace       used 57574K, committed 58816K, reserved 1114112K
  class space    used 6194K, committed 6720K, reserved 1048576K
}
Event: 8.119 GC heap before
{Heap before GC invocations=36 (full 2):
 PSYoungGen      total 16384K, used 12968K [0x00000000d5580000, 0x00000000d6880000, 0x0000000100000000)
  eden space 15360K, 77% used [0x00000000d5580000,0x00000000d6131250,0x00000000d6480000)
  from space 1024K, 97% used [0x00000000d6680000,0x00000000d6778e50,0x00000000d6780000)
  to   space 1024K, 0% used [0x00000000d6780000,0x00000000d6780000,0x00000000d6880000)
 ParOldGen       total 68608K, used 45011K [0x0000000080000000, 0x0000000084300000, 0x00000000d5580000)
  object space 68608K, 65% used [0x0000000080000000,0x0000000082bf4ce8,0x0000000084300000)
 Metaspace       used 58964K, committed 60288K, reserved 1114112K
  class space    used 6342K, committed 6912K, reserved 1048576K
}
Event: 8.121 GC heap after
{Heap after GC invocations=36 (full 2):
 PSYoungGen      total 16384K, used 995K [0x00000000d5580000, 0x00000000d6980000, 0x0000000100000000)
  eden space 15360K, 0% used [0x00000000d5580000,0x00000000d5580000,0x00000000d6480000)
  from space 1024K, 97% used [0x00000000d6780000,0x00000000d6878de0,0x00000000d6880000)
  to   space 2560K, 0% used [0x00000000d6480000,0x00000000d6480000,0x00000000d6700000)
 ParOldGen       total 68608K, used 45964K [0x0000000080000000, 0x0000000084300000, 0x00000000d5580000)
  object space 68608K, 66% used [0x0000000080000000,0x0000000082ce3238,0x0000000084300000)
 Metaspace       used 58964K, committed 60288K, reserved 1114112K
  class space    used 6342K, committed 6912K, reserved 1048576K
}
Event: 8.121 GC heap before
{Heap before GC invocations=37 (full 3):
 PSYoungGen      total 16384K, used 995K [0x00000000d5580000, 0x00000000d6980000, 0x0000000100000000)
  eden space 15360K, 0% used [0x00000000d5580000,0x00000000d5580000,0x00000000d6480000)
  from space 1024K, 97% used [0x00000000d6780000,0x00000000d6878de0,0x00000000d6880000)
  to   space 2560K, 0% used [0x00000000d6480000,0x00000000d6480000,0x00000000d6700000)
 ParOldGen       total 68608K, used 45964K [0x0000000080000000, 0x0000000084300000, 0x00000000d5580000)
  object space 68608K, 66% used [0x0000000080000000,0x0000000082ce3238,0x0000000084300000)
 Metaspace       used 58964K, committed 60288K, reserved 1114112K
  class space    used 6342K, committed 6912K, reserved 1048576K
}
Event: 8.210 GC heap after
{Heap after GC invocations=37 (full 3):
 PSYoungGen      total 16384K, used 0K [0x00000000d5580000, 0x00000000d6980000, 0x0000000100000000)
  eden space 15360K, 0% used [0x00000000d5580000,0x00000000d5580000,0x00000000d6480000)
  from space 1024K, 0% used [0x00000000d6780000,0x00000000d6780000,0x00000000d6880000)
  to   space 2560K, 0% used [0x00000000d6480000,0x00000000d6480000,0x00000000d6700000)
 ParOldGen       total 68608K, used 41262K [0x0000000080000000, 0x0000000084300000, 0x00000000d5580000)
  object space 68608K, 60% used [0x0000000080000000,0x000000008284bb28,0x0000000084300000)
 Metaspace       used 58964K, committed 60288K, reserved 1114112K
  class space    used 6342K, committed 6912K, reserved 1048576K
}
Event: 8.319 GC heap before
{Heap before GC invocations=38 (full 3):
 PSYoungGen      total 16384K, used 15360K [0x00000000d5580000, 0x00000000d6980000, 0x0000000100000000)
  eden space 15360K, 100% used [0x00000000d5580000,0x00000000d6480000,0x00000000d6480000)
  from space 1024K, 0% used [0x00000000d6780000,0x00000000d6780000,0x00000000d6880000)
  to   space 2560K, 0% used [0x00000000d6480000,0x00000000d6480000,0x00000000d6700000)
 ParOldGen       total 68608K, used 41262K [0x0000000080000000, 0x0000000084300000, 0x00000000d5580000)
  object space 68608K, 60% used [0x0000000080000000,0x000000008284bb28,0x0000000084300000)
 Metaspace       used 60175K, committed 61568K, reserved 1114112K
  class space    used 6450K, committed 7040K, reserved 1048576K
}
Event: 8.321 GC heap after
{Heap after GC invocations=38 (full 3):
 PSYoungGen      total 16896K, used 1131K [0x00000000d5580000, 0x00000000d6800000, 0x0000000100000000)
  eden space 15360K, 0% used [0x00000000d5580000,0x00000000d5580000,0x00000000d6480000)
  from space 1536K, 73% used [0x00000000d6480000,0x00000000d659ac78,0x00000000d6600000)
  to   space 1536K, 0% used [0x00000000d6680000,0x00000000d6680000,0x00000000d6800000)
 ParOldGen       total 68608K, used 41270K [0x0000000080000000, 0x0000000084300000, 0x00000000d5580000)
  object space 68608K, 60% used [0x0000000080000000,0x000000008284db28,0x0000000084300000)
 Metaspace       used 60175K, committed 61568K, reserved 1114112K
  class space    used 6450K, committed 7040K, reserved 1048576K
}

