# JRE version: OpenJDK Runtime Environment Temurin-21.0.8+9 (21.0.8+9) (build 21.0.8+9-LTS)
# Java VM: OpenJDK 64-Bit Server VM Temurin-21.0.8+9 (21.0.8+9-LTS, mixed mode, sharing, tiered, compressed oops, compressed class ptrs, parallel gc, windows-amd64)
GC Precious Log:
 CardTable entry size: 512
 CPUs: 12 total, 12 available
 Memory: 15697M
 Large Page Support: Disabled
 NUMA Support: Disabled
 Compressed Oops: Enabled (32-bit)
 Alignments: Space 512K, Generation 512K, Heap 2M
 Heap Min Capacity: 100M
 Heap Initial Capacity: 100M
 Heap Max Capacity: 2G
 Pre-touch: Disabled
 Parallel Workers: 10
Heap:
 PSYoungGen      total 14336K, used 2928K [0x00000000d5580000, 0x00000000d6980000, 0x0000000100000000)
  eden space 8192K, 35% used [0x00000000d5580000,0x00000000d585c308,0x00000000d5d80000)
  from space 6144K, 0% used [0x00000000d6380000,0x00000000d6380000,0x00000000d6980000)
  to   space 6144K, 0% used [0x00000000d5d80000,0x00000000d5d80000,0x00000000d6380000)
 ParOldGen       total 117760K, used 82613K [0x0000000080000000, 0x0000000087300000, 0x00000000d5580000)
  object space 117760K, 70% used [0x0000000080000000,0x00000000850ad430,0x0000000087300000)
 Metaspace       used 65940K, committed 67328K, reserved 1114112K
  class space    used 7159K, committed 7744K, reserved 1048576K
GC Heap History (20 events):
Event: 13.169 GC heap after
{Heap after GC invocations=50 (full 3):
 PSYoungGen      total 4608K, used 2016K [0x00000000d5580000, 0x00000000d6000000, 0x0000000100000000)
  eden space 2560K, 0% used [0x00000000d5580000,0x00000000d5580000,0x00000000d5800000)
  from space 2048K, 98% used [0x00000000d5d00000,0x00000000d5ef8000,0x00000000d5f00000)
  to   space 1024K, 0% used [0x00000000d5f00000,0x00000000d5f00000,0x00000000d6000000)
 ParOldGen       total 102400K, used 102123K [0x0000000080000000, 0x0000000086400000, 0x00000000d5580000)
  object space 102400K, 99% used [0x0000000080000000,0x00000000863bac70,0x0000000086400000)
 Metaspace       used 65446K, committed 66816K, reserved 1114112K
  class space    used 7131K, committed 7744K, reserved 1048576K
}
Event: 13.176 GC heap before
{Heap before GC invocations=51 (full 3):
 PSYoungGen      total 4608K, used 4576K [0x00000000d5580000, 0x00000000d6000000, 0x0000000100000000)
  eden space 2560K, 100% used [0x00000000d5580000,0x00000000d5800000,0x00000000d5800000)
  from space 2048K, 98% used [0x00000000d5d00000,0x00000000d5ef8000,0x00000000d5f00000)
  to   space 1024K, 0% used [0x00000000d5f00000,0x00000000d5f00000,0x00000000d6000000)
 ParOldGen       total 102400K, used 102123K [0x0000000080000000, 0x0000000086400000, 0x00000000d5580000)
  object space 102400K, 99% used [0x0000000080000000,0x00000000863bac70,0x0000000086400000)
 Metaspace       used 65446K, committed 66816K, reserved 1114112K
  class space    used 7131K, committed 7744K, reserved 1048576K
}
Event: 13.178 GC heap after
{Heap after GC invocations=51 (full 3):
 PSYoungGen      total 4608K, used 1024K [0x00000000d5580000, 0x00000000d6100000, 0x0000000100000000)
  eden space 3584K, 0% used [0x00000000d5580000,0x00000000d5580000,0x00000000d5900000)
  from space 1024K, 100% used [0x00000000d5f00000,0x00000000d6000000,0x00000000d6000000)
  to   space 4096K, 0% used [0x00000000d5900000,0x00000000d5900000,0x00000000d5d00000)
 ParOldGen       total 104960K, used 104835K [0x0000000080000000, 0x0000000086680000, 0x00000000d5580000)
  object space 104960K, 99% used [0x0000000080000000,0x0000000086660c70,0x0000000086680000)
 Metaspace       used 65446K, committed 66816K, reserved 1114112K
  class space    used 7131K, committed 7744K, reserved 1048576K
}
Event: 13.185 GC heap before
{Heap before GC invocations=52 (full 3):
 PSYoungGen      total 4608K, used 4608K [0x00000000d5580000, 0x00000000d6100000, 0x0000000100000000)
  eden space 3584K, 100% used [0x00000000d5580000,0x00000000d5900000,0x00000000d5900000)
  from space 1024K, 100% used [0x00000000d5f00000,0x00000000d6000000,0x00000000d6000000)
  to   space 4096K, 0% used [0x00000000d5900000,0x00000000d5900000,0x00000000d5d00000)
 ParOldGen       total 104960K, used 104835K [0x0000000080000000, 0x0000000086680000, 0x00000000d5580000)
  object space 104960K, 99% used [0x0000000080000000,0x0000000086660c70,0x0000000086680000)
 Metaspace       used 65462K, committed 66880K, reserved 1114112K
  class space    used 7131K, committed 7744K, reserved 1048576K
}
Event: 13.187 GC heap after
{Heap after GC invocations=52 (full 3):
 PSYoungGen      total 7680K, used 2720K [0x00000000d5580000, 0x00000000d6100000, 0x0000000100000000)
  eden space 3584K, 0% used [0x00000000d5580000,0x00000000d5580000,0x00000000d5900000)
  from space 4096K, 66% used [0x00000000d5900000,0x00000000d5ba8000,0x00000000d5d00000)
  to   space 3584K, 0% used [0x00000000d5d80000,0x00000000d5d80000,0x00000000d6100000)
 ParOldGen       total 105984K, used 105811K [0x0000000080000000, 0x0000000086780000, 0x00000000d5580000)
  object space 105984K, 99% used [0x0000000080000000,0x0000000086754c70,0x0000000086780000)
 Metaspace       used 65462K, committed 66880K, reserved 1114112K
  class space    used 7131K, committed 7744K, reserved 1048576K
}
Event: 13.194 GC heap before
{Heap before GC invocations=53 (full 3):
 PSYoungGen      total 7680K, used 6304K [0x00000000d5580000, 0x00000000d6100000, 0x0000000100000000)
  eden space 3584K, 100% used [0x00000000d5580000,0x00000000d5900000,0x00000000d5900000)
  from space 4096K, 66% used [0x00000000d5900000,0x00000000d5ba8000,0x00000000d5d00000)
  to   space 3584K, 0% used [0x00000000d5d80000,0x00000000d5d80000,0x00000000d6100000)
 ParOldGen       total 105984K, used 105811K [0x0000000080000000, 0x0000000086780000, 0x00000000d5580000)
  object space 105984K, 99% used [0x0000000080000000,0x0000000086754c70,0x0000000086780000)
 Metaspace       used 65475K, committed 66880K, reserved 1114112K
  class space    used 7132K, committed 7744K, reserved 1048576K
}
Event: 13.197 GC heap after
{Heap after GC invocations=53 (full 3):
 PSYoungGen      total 7168K, used 2528K [0x00000000d5580000, 0x00000000d6000000, 0x0000000100000000)
  eden space 4608K, 0% used [0x00000000d5580000,0x00000000d5580000,0x00000000d5a00000)
  from space 2560K, 98% used [0x00000000d5d80000,0x00000000d5ff8000,0x00000000d6000000)
  to   space 3072K, 0% used [0x00000000d5a00000,0x00000000d5a00000,0x00000000d5d00000)
 ParOldGen       total 108544K, used 108307K [0x0000000080000000, 0x0000000086a00000, 0x00000000d5580000)
  object space 108544K, 99% used [0x0000000080000000,0x00000000869c4c70,0x0000000086a00000)
 Metaspace       used 65475K, committed 66880K, reserved 1114112K
  class space    used 7132K, committed 7744K, reserved 1048576K
}
Event: 13.205 GC heap before
{Heap before GC invocations=54 (full 3):
 PSYoungGen      total 7168K, used 7136K [0x00000000d5580000, 0x00000000d6000000, 0x0000000100000000)
  eden space 4608K, 100% used [0x00000000d5580000,0x00000000d5a00000,0x00000000d5a00000)
  from space 2560K, 98% used [0x00000000d5d80000,0x00000000d5ff8000,0x00000000d6000000)
  to   space 3072K, 0% used [0x00000000d5a00000,0x00000000d5a00000,0x00000000d5d00000)
 ParOldGen       total 108544K, used 108307K [0x0000000080000000, 0x0000000086a00000, 0x00000000d5580000)
  object space 108544K, 99% used [0x0000000080000000,0x00000000869c4c70,0x0000000086a00000)
 Metaspace       used 65479K, committed 66880K, reserved 1114112K
  class space    used 7132K, committed 7744K, reserved 1048576K
}
Event: 13.210 GC heap after
{Heap after GC invocations=54 (full 3):
 PSYoungGen      total 7680K, used 3072K [0x00000000d5580000, 0x00000000d6800000, 0x0000000100000000)
  eden space 4608K, 0% used [0x00000000d5580000,0x00000000d5580000,0x00000000d5a00000)
  from space 3072K, 100% used [0x00000000d5a00000,0x00000000d5d00000,0x00000000d5d00000)
  to   space 6656K, 0% used [0x00000000d6180000,0x00000000d6180000,0x00000000d6800000)
 ParOldGen       total 111104K, used 110947K [0x0000000080000000, 0x0000000086c80000, 0x00000000d5580000)
  object space 111104K, 99% used [0x0000000080000000,0x0000000086c58c70,0x0000000086c80000)
 Metaspace       used 65479K, committed 66880K, reserved 1114112K
  class space    used 7132K, committed 7744K, reserved 1048576K
}
Event: 13.218 GC heap before
{Heap before GC invocations=55 (full 3):
 PSYoungGen      total 7680K, used 7680K [0x00000000d5580000, 0x00000000d6800000, 0x0000000100000000)
  eden space 4608K, 100% used [0x00000000d5580000,0x00000000d5a00000,0x00000000d5a00000)
  from space 3072K, 100% used [0x00000000d5a00000,0x00000000d5d00000,0x00000000d5d00000)
  to   space 6656K, 0% used [0x00000000d6180000,0x00000000d6180000,0x00000000d6800000)
 ParOldGen       total 111104K, used 110947K [0x0000000080000000, 0x0000000086c80000, 0x00000000d5580000)
  object space 111104K, 99% used [0x0000000080000000,0x0000000086c58c70,0x0000000086c80000)
 Metaspace       used 65486K, committed 66880K, reserved 1114112K
  class space    used 7132K, committed 7744K, reserved 1048576K
}
Event: 13.224 GC heap after
{Heap after GC invocations=55 (full 3):
 PSYoungGen      total 9216K, used 3392K [0x00000000d5580000, 0x00000000d6500000, 0x0000000100000000)
  eden space 5632K, 0% used [0x00000000d5580000,0x00000000d5580000,0x00000000d5b00000)
  from space 3584K, 94% used [0x00000000d6180000,0x00000000d64d0000,0x00000000d6500000)
  to   space 4608K, 0% used [0x00000000d5c00000,0x00000000d5c00000,0x00000000d6080000)
 ParOldGen       total 114176K, used 113923K [0x0000000080000000, 0x0000000086f80000, 0x00000000d5580000)
  object space 114176K, 99% used [0x0000000080000000,0x0000000086f40c70,0x0000000086f80000)
 Metaspace       used 65486K, committed 66880K, reserved 1114112K
  class space    used 7132K, committed 7744K, reserved 1048576K
}
Event: 13.235 GC heap before
{Heap before GC invocations=56 (full 3):
 PSYoungGen      total 9216K, used 9024K [0x00000000d5580000, 0x00000000d6500000, 0x0000000100000000)
  eden space 5632K, 100% used [0x00000000d5580000,0x00000000d5b00000,0x00000000d5b00000)
  from space 3584K, 94% used [0x00000000d6180000,0x00000000d64d0000,0x00000000d6500000)
  to   space 4608K, 0% used [0x00000000d5c00000,0x00000000d5c00000,0x00000000d6080000)
 ParOldGen       total 114176K, used 113923K [0x0000000080000000, 0x0000000086f80000, 0x00000000d5580000)
  object space 114176K, 99% used [0x0000000080000000,0x0000000086f40c70,0x0000000086f80000)
 Metaspace       used 65516K, committed 66944K, reserved 1114112K
  class space    used 7137K, committed 7744K, reserved 1048576K
}
Event: 13.240 GC heap after
{Heap after GC invocations=56 (full 3):
 PSYoungGen      total 11264K, used 4160K [0x00000000d5580000, 0x00000000d6580000, 0x0000000100000000)
  eden space 6656K, 0% used [0x00000000d5580000,0x00000000d5580000,0x00000000d5c00000)
  from space 4608K, 90% used [0x00000000d5c00000,0x00000000d6010000,0x00000000d6080000)
  to   space 4608K, 0% used [0x00000000d6100000,0x00000000d6100000,0x00000000d6580000)
 ParOldGen       total 117248K, used 117163K [0x0000000080000000, 0x0000000087280000, 0x00000000d5580000)
  object space 117248K, 99% used [0x0000000080000000,0x000000008726ac70,0x0000000087280000)
 Metaspace       used 65516K, committed 66944K, reserved 1114112K
  class space    used 7137K, committed 7744K, reserved 1048576K
}
Event: 13.252 GC heap before
{Heap before GC invocations=57 (full 3):
 PSYoungGen      total 11264K, used 10816K [0x00000000d5580000, 0x00000000d6580000, 0x0000000100000000)
  eden space 6656K, 100% used [0x00000000d5580000,0x00000000d5c00000,0x00000000d5c00000)
  from space 4608K, 90% used [0x00000000d5c00000,0x00000000d6010000,0x00000000d6080000)
  to   space 4608K, 0% used [0x00000000d6100000,0x00000000d6100000,0x00000000d6580000)
 ParOldGen       total 117248K, used 117163K [0x0000000080000000, 0x0000000087280000, 0x00000000d5580000)
  object space 117248K, 99% used [0x0000000080000000,0x000000008726ac70,0x0000000087280000)
 Metaspace       used 65620K, committed 67008K, reserved 1114112K
  class space    used 7145K, committed 7744K, reserved 1048576K
}
Event: 13.257 GC heap after
{Heap after GC invocations=57 (full 3):
 PSYoungGen      total 11264K, used 4608K [0x00000000d5580000, 0x00000000d6580000, 0x0000000100000000)
  eden space 6656K, 0% used [0x00000000d5580000,0x00000000d5580000,0x00000000d5c00000)
  from space 4608K, 100% used [0x00000000d6100000,0x00000000d6580000,0x00000000d6580000)
  to   space 4608K, 0% used [0x00000000d5c00000,0x00000000d5c00000,0x00000000d6080000)
 ParOldGen       total 121344K, used 121243K [0x0000000080000000, 0x0000000087680000, 0x00000000d5580000)
  object space 121344K, 99% used [0x0000000080000000,0x0000000087666c70,0x0000000087680000)
 Metaspace       used 65620K, committed 67008K, reserved 1114112K
  class space    used 7145K, committed 7744K, reserved 1048576K
}
Event: 13.268 GC heap before
{Heap before GC invocations=58 (full 3):
 PSYoungGen      total 11264K, used 11264K [0x00000000d5580000, 0x00000000d6580000, 0x0000000100000000)
  eden space 6656K, 100% used [0x00000000d5580000,0x00000000d5c00000,0x00000000d5c00000)
  from space 4608K, 100% used [0x00000000d6100000,0x00000000d6580000,0x00000000d6580000)
  to   space 4608K, 0% used [0x00000000d5c00000,0x00000000d5c00000,0x00000000d6080000)
 ParOldGen       total 121344K, used 121243K [0x0000000080000000, 0x0000000087680000, 0x00000000d5580000)
  object space 121344K, 99% used [0x0000000080000000,0x0000000087666c70,0x0000000087680000)
 Metaspace       used 65645K, committed 67008K, reserved 1114112K
  class space    used 7146K, committed 7744K, reserved 1048576K
}
Event: 13.273 GC heap after
{Heap after GC invocations=58 (full 3):
 PSYoungGen      total 11264K, used 4265K [0x00000000d5580000, 0x00000000d6980000, 0x0000000100000000)
  eden space 6656K, 0% used [0x00000000d5580000,0x00000000d5580000,0x00000000d5c00000)
  from space 4608K, 92% used [0x00000000d5c00000,0x00000000d602a480,0x00000000d6080000)
  to   space 6144K, 0% used [0x00000000d6380000,0x00000000d6380000,0x00000000d6980000)
 ParOldGen       total 125952K, used 125811K [0x0000000080000000, 0x0000000087b00000, 0x00000000d5580000)
  object space 125952K, 99% used [0x0000000080000000,0x0000000087adcc70,0x0000000087b00000)
 Metaspace       used 65645K, committed 67008K, reserved 1114112K
  class space    used 7146K, committed 7744K, reserved 1048576K
}
Event: 13.311 GC heap before
{Heap before GC invocations=59 (full 3):
 PSYoungGen      total 11264K, used 10921K [0x00000000d5580000, 0x00000000d6980000, 0x0000000100000000)
  eden space 6656K, 100% used [0x00000000d5580000,0x00000000d5c00000,0x00000000d5c00000)
  from space 4608K, 92% used [0x00000000d5c00000,0x00000000d602a480,0x00000000d6080000)
  to   space 6144K, 0% used [0x00000000d6380000,0x00000000d6380000,0x00000000d6980000)
 ParOldGen       total 125952K, used 125811K [0x0000000080000000, 0x0000000087b00000, 0x00000000d5580000)
  object space 125952K, 99% used [0x0000000080000000,0x0000000087adcc70,0x0000000087b00000)
 Metaspace       used 65818K, committed 67200K, reserved 1114112K
  class space    used 7152K, committed 7744K, reserved 1048576K
}
Event: 13.315 GC heap after
{Heap after GC invocations=59 (full 3):
 PSYoungGen      total 11264K, used 10921K [0x00000000d5580000, 0x00000000d6980000, 0x0000000100000000)
  eden space 6656K, 100% used [0x00000000d5580000,0x00000000d5c00000,0x00000000d5c00000)
  from space 4608K, 92% used [0x00000000d5c00000,0x00000000d602a480,0x00000000d6080000)
  to   space 6144K, 29% used [0x00000000d6380000,0x00000000d6548000,0x00000000d6980000)
 ParOldGen       total 128512K, used 128403K [0x0000000080000000, 0x0000000087d80000, 0x00000000d5580000)
  object space 128512K, 99% used [0x0000000080000000,0x0000000087d64c70,0x0000000087d80000)
 Metaspace       used 65818K, committed 67200K, reserved 1114112K
  class space    used 7152K, committed 7744K, reserved 1048576K
}
Event: 13.315 GC heap before
{Heap before GC invocations=60 (full 4):
 PSYoungGen      total 11264K, used 10921K [0x00000000d5580000, 0x00000000d6980000, 0x0000000100000000)
  eden space 6656K, 100% used [0x00000000d5580000,0x00000000d5c00000,0x00000000d5c00000)
  from space 4608K, 92% used [0x00000000d5c00000,0x00000000d602a480,0x00000000d6080000)
  to   space 6144K, 29% used [0x00000000d6380000,0x00000000d6548000,0x00000000d6980000)
 ParOldGen       total 128512K, used 128403K [0x0000000080000000, 0x0000000087d80000, 0x00000000d5580000)
  object space 128512K, 99% used [0x0000000080000000,0x0000000087d64c70,0x0000000087d80000)
 Metaspace       used 65818K, committed 67200K, reserved 1114112K
  class space    used 7152K, committed 7744K, reserved 1048576K
}

