# JRE version: OpenJDK Runtime Environment Temurin-21.0.8+9 (21.0.8+9) (build 21.0.8+9-LTS)
# Java VM: OpenJDK 64-Bit Server VM Temurin-21.0.8+9 (21.0.8+9-LTS, mixed mode, sharing, tiered, compressed oops, compressed class ptrs, parallel gc, windows-amd64)
GC Precious Log:
 CardTable entry size: 512
 CPUs: 12 total, 12 available
 Memory: 15697M
 Large Page Support: Disabled
 NUMA Support: Disabled
 Compressed Oops: Enabled (32-bit)
 Alignments: Space 512K, Generation 512K, Heap 2M
 Heap Min Capacity: 100M
 Heap Initial Capacity: 100M
 Heap Max Capacity: 2G
 Pre-touch: Disabled
 Parallel Workers: 10
Heap:
 PSYoungGen      total 16896K, used 16651K [0x00000000d5580000, 0x00000000d6900000, 0x0000000100000000)
  eden space 15872K, 98% used [0x00000000d5580000,0x00000000d64c6168,0x00000000d6500000)
  from space 1024K, 98% used [0x00000000d6700000,0x00000000d67fcc58,0x00000000d6800000)
  to   space 1024K, 0% used [0x00000000d6800000,0x00000000d6800000,0x00000000d6900000)
 ParOldGen       total 68608K, used 43029K [0x0000000080000000, 0x0000000084300000, 0x00000000d5580000)
  object space 68608K, 62% used [0x0000000080000000,0x0000000082a054c8,0x0000000084300000)
 Metaspace       used 57833K, committed 59136K, reserved 1114112K
  class space    used 6241K, committed 6848K, reserved 1048576K
GC Heap History (20 events):
Event: 5.177 GC heap before
{Heap before GC invocations=26 (full 2):
 PSYoungGen      total 22016K, used 21956K [0x00000000d5580000, 0x00000000d6f00000, 0x0000000100000000)
  eden space 19968K, 100% used [0x00000000d5580000,0x00000000d6900000,0x00000000d6900000)
  from space 2048K, 97% used [0x00000000d6900000,0x00000000d6af1000,0x00000000d6b00000)
  to   space 3072K, 0% used [0x00000000d6c00000,0x00000000d6c00000,0x00000000d6f00000)
 ParOldGen       total 68608K, used 31546K [0x0000000080000000, 0x0000000084300000, 0x00000000d5580000)
  object space 68608K, 45% used [0x0000000080000000,0x0000000081eceba0,0x0000000084300000)
 Metaspace       used 47149K, committed 48320K, reserved 1114112K
  class space    used 5145K, committed 5696K, reserved 1048576K
}
Event: 5.180 GC heap after
{Heap after GC invocations=26 (full 2):
 PSYoungGen      total 22016K, used 1984K [0x00000000d5580000, 0x00000000d6e00000, 0x0000000100000000)
  eden space 19968K, 0% used [0x00000000d5580000,0x00000000d5580000,0x00000000d6900000)
  from space 2048K, 96% used [0x00000000d6c00000,0x00000000d6df0010,0x00000000d6e00000)
  to   space 2560K, 0% used [0x00000000d6900000,0x00000000d6900000,0x00000000d6b80000)
 ParOldGen       total 68608K, used 33400K [0x0000000080000000, 0x0000000084300000, 0x00000000d5580000)
  object space 68608K, 48% used [0x0000000080000000,0x000000008209e3b8,0x0000000084300000)
 Metaspace       used 47149K, committed 48320K, reserved 1114112K
  class space    used 5145K, committed 5696K, reserved 1048576K
}
Event: 5.222 GC heap before
{Heap before GC invocations=27 (full 2):
 PSYoungGen      total 22016K, used 21952K [0x00000000d5580000, 0x00000000d6e00000, 0x0000000100000000)
  eden space 19968K, 100% used [0x00000000d5580000,0x00000000d6900000,0x00000000d6900000)
  from space 2048K, 96% used [0x00000000d6c00000,0x00000000d6df0010,0x00000000d6e00000)
  to   space 2560K, 0% used [0x00000000d6900000,0x00000000d6900000,0x00000000d6b80000)
 ParOldGen       total 68608K, used 33400K [0x0000000080000000, 0x0000000084300000, 0x00000000d5580000)
  object space 68608K, 48% used [0x0000000080000000,0x000000008209e3b8,0x0000000084300000)
 Metaspace       used 47231K, committed 48448K, reserved 1114112K
  class space    used 5147K, committed 5696K, reserved 1048576K
}
Event: 5.226 GC heap after
{Heap after GC invocations=27 (full 2):
 PSYoungGen      total 22016K, used 1856K [0x00000000d5580000, 0x00000000d6d00000, 0x0000000100000000)
  eden space 19968K, 0% used [0x00000000d5580000,0x00000000d5580000,0x00000000d6900000)
  from space 2048K, 90% used [0x00000000d6900000,0x00000000d6ad0000,0x00000000d6b00000)
  to   space 2048K, 0% used [0x00000000d6b00000,0x00000000d6b00000,0x00000000d6d00000)
 ParOldGen       total 68608K, used 35304K [0x0000000080000000, 0x0000000084300000, 0x00000000d5580000)
  object space 68608K, 51% used [0x0000000080000000,0x000000008227a3c8,0x0000000084300000)
 Metaspace       used 47231K, committed 48448K, reserved 1114112K
  class space    used 5147K, committed 5696K, reserved 1048576K
}
Event: 5.374 GC heap before
{Heap before GC invocations=28 (full 2):
 PSYoungGen      total 22016K, used 21824K [0x00000000d5580000, 0x00000000d6d00000, 0x0000000100000000)
  eden space 19968K, 100% used [0x00000000d5580000,0x00000000d6900000,0x00000000d6900000)
  from space 2048K, 90% used [0x00000000d6900000,0x00000000d6ad0000,0x00000000d6b00000)
  to   space 2048K, 0% used [0x00000000d6b00000,0x00000000d6b00000,0x00000000d6d00000)
 ParOldGen       total 68608K, used 35304K [0x0000000080000000, 0x0000000084300000, 0x00000000d5580000)
  object space 68608K, 51% used [0x0000000080000000,0x000000008227a3c8,0x0000000084300000)
 Metaspace       used 48416K, committed 49536K, reserved 1114112K
  class space    used 5249K, committed 5760K, reserved 1048576K
}
Event: 5.377 GC heap after
{Heap after GC invocations=28 (full 2):
 PSYoungGen      total 17920K, used 2024K [0x00000000d5580000, 0x00000000d7500000, 0x0000000100000000)
  eden space 15872K, 0% used [0x00000000d5580000,0x00000000d5580000,0x00000000d6500000)
  from space 2048K, 98% used [0x00000000d6b00000,0x00000000d6cfa000,0x00000000d6d00000)
  to   space 6144K, 0% used [0x00000000d6500000,0x00000000d6500000,0x00000000d6b00000)
 ParOldGen       total 68608K, used 38377K [0x0000000080000000, 0x0000000084300000, 0x00000000d5580000)
  object space 68608K, 55% used [0x0000000080000000,0x000000008257a510,0x0000000084300000)
 Metaspace       used 48416K, committed 49536K, reserved 1114112K
  class space    used 5249K, committed 5760K, reserved 1048576K
}
Event: 5.639 GC heap before
{Heap before GC invocations=29 (full 2):
 PSYoungGen      total 17920K, used 17896K [0x00000000d5580000, 0x00000000d7500000, 0x0000000100000000)
  eden space 15872K, 100% used [0x00000000d5580000,0x00000000d6500000,0x00000000d6500000)
  from space 2048K, 98% used [0x00000000d6b00000,0x00000000d6cfa000,0x00000000d6d00000)
  to   space 6144K, 0% used [0x00000000d6500000,0x00000000d6500000,0x00000000d6b00000)
 ParOldGen       total 68608K, used 38377K [0x0000000080000000, 0x0000000084300000, 0x00000000d5580000)
  object space 68608K, 55% used [0x0000000080000000,0x000000008257a510,0x0000000084300000)
 Metaspace       used 49719K, committed 50880K, reserved 1114112K
  class space    used 5420K, committed 5952K, reserved 1048576K
}
Event: 5.642 GC heap after
{Heap after GC invocations=29 (full 2):
 PSYoungGen      total 16896K, used 756K [0x00000000d5580000, 0x00000000d6b80000, 0x0000000100000000)
  eden space 15872K, 0% used [0x00000000d5580000,0x00000000d5580000,0x00000000d6500000)
  from space 1024K, 73% used [0x00000000d6500000,0x00000000d65bd3c8,0x00000000d6600000)
  to   space 2560K, 0% used [0x00000000d6900000,0x00000000d6900000,0x00000000d6b80000)
 ParOldGen       total 68608K, used 40427K [0x0000000080000000, 0x0000000084300000, 0x00000000d5580000)
  object space 68608K, 58% used [0x0000000080000000,0x000000008277ae50,0x0000000084300000)
 Metaspace       used 49719K, committed 50880K, reserved 1114112K
  class space    used 5420K, committed 5952K, reserved 1048576K
}
Event: 5.890 GC heap before
{Heap before GC invocations=30 (full 2):
 PSYoungGen      total 16896K, used 16628K [0x00000000d5580000, 0x00000000d6b80000, 0x0000000100000000)
  eden space 15872K, 100% used [0x00000000d5580000,0x00000000d6500000,0x00000000d6500000)
  from space 1024K, 73% used [0x00000000d6500000,0x00000000d65bd3c8,0x00000000d6600000)
  to   space 2560K, 0% used [0x00000000d6900000,0x00000000d6900000,0x00000000d6b80000)
 ParOldGen       total 68608K, used 40427K [0x0000000080000000, 0x0000000084300000, 0x00000000d5580000)
  object space 68608K, 58% used [0x0000000080000000,0x000000008277ae50,0x0000000084300000)
 Metaspace       used 50540K, committed 51648K, reserved 1114112K
  class space    used 5503K, committed 6016K, reserved 1048576K
}
Event: 5.891 GC heap after
{Heap after GC invocations=30 (full 2):
 PSYoungGen      total 16384K, used 416K [0x00000000d5580000, 0x00000000d6980000, 0x0000000100000000)
  eden space 15872K, 0% used [0x00000000d5580000,0x00000000d5580000,0x00000000d6500000)
  from space 512K, 81% used [0x00000000d6900000,0x00000000d6968000,0x00000000d6980000)
  to   space 1024K, 0% used [0x00000000d6780000,0x00000000d6780000,0x00000000d6880000)
 ParOldGen       total 68608K, used 41054K [0x0000000080000000, 0x0000000084300000, 0x00000000d5580000)
  object space 68608K, 59% used [0x0000000080000000,0x0000000082817a58,0x0000000084300000)
 Metaspace       used 50540K, committed 51648K, reserved 1114112K
  class space    used 5503K, committed 6016K, reserved 1048576K
}
Event: 6.023 GC heap before
{Heap before GC invocations=31 (full 2):
 PSYoungGen      total 16384K, used 16270K [0x00000000d5580000, 0x00000000d6980000, 0x0000000100000000)
  eden space 15872K, 99% used [0x00000000d5580000,0x00000000d64fbb60,0x00000000d6500000)
  from space 512K, 81% used [0x00000000d6900000,0x00000000d6968000,0x00000000d6980000)
  to   space 1024K, 0% used [0x00000000d6780000,0x00000000d6780000,0x00000000d6880000)
 ParOldGen       total 68608K, used 41054K [0x0000000080000000, 0x0000000084300000, 0x00000000d5580000)
  object space 68608K, 59% used [0x0000000080000000,0x0000000082817a58,0x0000000084300000)
 Metaspace       used 51364K, committed 52608K, reserved 1114112K
  class space    used 5576K, committed 6144K, reserved 1048576K
}
Event: 6.024 GC heap after
{Heap after GC invocations=31 (full 2):
 PSYoungGen      total 16896K, used 1020K [0x00000000d5580000, 0x00000000d6980000, 0x0000000100000000)
  eden space 15872K, 0% used [0x00000000d5580000,0x00000000d5580000,0x00000000d6500000)
  from space 1024K, 99% used [0x00000000d6780000,0x00000000d687f228,0x00000000d6880000)
  to   space 1024K, 0% used [0x00000000d6880000,0x00000000d6880000,0x00000000d6980000)
 ParOldGen       total 68608K, used 41329K [0x0000000080000000, 0x0000000084300000, 0x00000000d5580000)
  object space 68608K, 60% used [0x0000000080000000,0x000000008285c6b8,0x0000000084300000)
 Metaspace       used 51364K, committed 52608K, reserved 1114112K
  class space    used 5576K, committed 6144K, reserved 1048576K
}
Event: 6.061 GC heap before
{Heap before GC invocations=32 (full 2):
 PSYoungGen      total 16896K, used 16892K [0x00000000d5580000, 0x00000000d6980000, 0x0000000100000000)
  eden space 15872K, 100% used [0x00000000d5580000,0x00000000d6500000,0x00000000d6500000)
  from space 1024K, 99% used [0x00000000d6780000,0x00000000d687f228,0x00000000d6880000)
  to   space 1024K, 0% used [0x00000000d6880000,0x00000000d6880000,0x00000000d6980000)
 ParOldGen       total 68608K, used 41329K [0x0000000080000000, 0x0000000084300000, 0x00000000d5580000)
  object space 68608K, 60% used [0x0000000080000000,0x000000008285c6b8,0x0000000084300000)
 Metaspace       used 51382K, committed 52608K, reserved 1114112K
  class space    used 5576K, committed 6144K, reserved 1048576K
}
Event: 6.062 GC heap after
{Heap after GC invocations=32 (full 2):
 PSYoungGen      total 16896K, used 1009K [0x00000000d5580000, 0x00000000d6980000, 0x0000000100000000)
  eden space 15872K, 0% used [0x00000000d5580000,0x00000000d5580000,0x00000000d6500000)
  from space 1024K, 98% used [0x00000000d6880000,0x00000000d697c410,0x00000000d6980000)
  to   space 2048K, 0% used [0x00000000d6580000,0x00000000d6580000,0x00000000d6780000)
 ParOldGen       total 68608K, used 42118K [0x0000000080000000, 0x0000000084300000, 0x00000000d5580000)
  object space 68608K, 61% used [0x0000000080000000,0x0000000082921920,0x0000000084300000)
 Metaspace       used 51382K, committed 52608K, reserved 1114112K
  class space    used 5576K, committed 6144K, reserved 1048576K
}
Event: 6.111 GC heap before
{Heap before GC invocations=33 (full 2):
 PSYoungGen      total 16896K, used 16878K [0x00000000d5580000, 0x00000000d6980000, 0x0000000100000000)
  eden space 15872K, 99% used [0x00000000d5580000,0x00000000d64ff710,0x00000000d6500000)
  from space 1024K, 98% used [0x00000000d6880000,0x00000000d697c410,0x00000000d6980000)
  to   space 2048K, 0% used [0x00000000d6580000,0x00000000d6580000,0x00000000d6780000)
 ParOldGen       total 68608K, used 42118K [0x0000000080000000, 0x0000000084300000, 0x00000000d5580000)
  object space 68608K, 61% used [0x0000000080000000,0x0000000082921920,0x0000000084300000)
 Metaspace       used 52221K, committed 53440K, reserved 1114112K
  class space    used 5655K, committed 6208K, reserved 1048576K
}
Event: 6.111 GC heap after
{Heap after GC invocations=33 (full 2):
 PSYoungGen      total 17920K, used 288K [0x00000000d5580000, 0x00000000d6900000, 0x0000000100000000)
  eden space 15872K, 0% used [0x00000000d5580000,0x00000000d5580000,0x00000000d6500000)
  from space 2048K, 14% used [0x00000000d6580000,0x00000000d65c8000,0x00000000d6780000)
  to   space 1024K, 0% used [0x00000000d6800000,0x00000000d6800000,0x00000000d6900000)
 ParOldGen       total 68608K, used 42222K [0x0000000080000000, 0x0000000084300000, 0x00000000d5580000)
  object space 68608K, 61% used [0x0000000080000000,0x000000008293b920,0x0000000084300000)
 Metaspace       used 52221K, committed 53440K, reserved 1114112K
  class space    used 5655K, committed 6208K, reserved 1048576K
}
Event: 6.441 GC heap before
{Heap before GC invocations=34 (full 2):
 PSYoungGen      total 17920K, used 16160K [0x00000000d5580000, 0x00000000d6900000, 0x0000000100000000)
  eden space 15872K, 100% used [0x00000000d5580000,0x00000000d6500000,0x00000000d6500000)
  from space 2048K, 14% used [0x00000000d6580000,0x00000000d65c8000,0x00000000d6780000)
  to   space 1024K, 0% used [0x00000000d6800000,0x00000000d6800000,0x00000000d6900000)
 ParOldGen       total 68608K, used 42222K [0x0000000080000000, 0x0000000084300000, 0x00000000d5580000)
  object space 68608K, 61% used [0x0000000080000000,0x000000008293b920,0x0000000084300000)
 Metaspace       used 54328K, committed 55488K, reserved 1114112K
  class space    used 5853K, committed 6336K, reserved 1048576K
}
Event: 6.442 GC heap after
{Heap after GC invocations=34 (full 2):
 PSYoungGen      total 16896K, used 648K [0x00000000d5580000, 0x00000000d6900000, 0x0000000100000000)
  eden space 15872K, 0% used [0x00000000d5580000,0x00000000d5580000,0x00000000d6500000)
  from space 1024K, 63% used [0x00000000d6800000,0x00000000d68a21e8,0x00000000d6900000)
  to   space 1024K, 0% used [0x00000000d6700000,0x00000000d6700000,0x00000000d6800000)
 ParOldGen       total 68608K, used 42302K [0x0000000080000000, 0x0000000084300000, 0x00000000d5580000)
  object space 68608K, 61% used [0x0000000080000000,0x000000008294f920,0x0000000084300000)
 Metaspace       used 54328K, committed 55488K, reserved 1114112K
  class space    used 5853K, committed 6336K, reserved 1048576K
}
Event: 6.706 GC heap before
{Heap before GC invocations=35 (full 2):
 PSYoungGen      total 16896K, used 16512K [0x00000000d5580000, 0x00000000d6900000, 0x0000000100000000)
  eden space 15872K, 99% used [0x00000000d5580000,0x00000000d64fdf90,0x00000000d6500000)
  from space 1024K, 63% used [0x00000000d6800000,0x00000000d68a21e8,0x00000000d6900000)
  to   space 1024K, 0% used [0x00000000d6700000,0x00000000d6700000,0x00000000d6800000)
 ParOldGen       total 68608K, used 42302K [0x0000000080000000, 0x0000000084300000, 0x00000000d5580000)
  object space 68608K, 61% used [0x0000000080000000,0x000000008294f920,0x0000000084300000)
 Metaspace       used 56482K, committed 57664K, reserved 1114112K
  class space    used 6095K, committed 6592K, reserved 1048576K
}
Event: 6.708 GC heap after
{Heap after GC invocations=35 (full 2):
 PSYoungGen      total 16896K, used 1011K [0x00000000d5580000, 0x00000000d6900000, 0x0000000100000000)
  eden space 15872K, 0% used [0x00000000d5580000,0x00000000d5580000,0x00000000d6500000)
  from space 1024K, 98% used [0x00000000d6700000,0x00000000d67fcc58,0x00000000d6800000)
  to   space 1024K, 0% used [0x00000000d6800000,0x00000000d6800000,0x00000000d6900000)
 ParOldGen       total 68608K, used 43029K [0x0000000080000000, 0x0000000084300000, 0x00000000d5580000)
  object space 68608K, 62% used [0x0000000080000000,0x0000000082a054c8,0x0000000084300000)
 Metaspace       used 56482K, committed 57664K, reserved 1114112K
  class space    used 6095K, committed 6592K, reserved 1048576K
}

