# JRE version: OpenJDK Runtime Environment Temurin-21.0.8+9 (21.0.8+9) (build 21.0.8+9-LTS)
# Java VM: OpenJDK 64-Bit Server VM Temurin-21.0.8+9 (21.0.8+9-LTS, mixed mode, sharing, tiered, compressed oops, compressed class ptrs, parallel gc, windows-amd64)
GC Precious Log:
 CardTable entry size: 512
 CPUs: 12 total, 12 available
 Memory: 15697M
 Large Page Support: Disabled
 NUMA Support: Disabled
 Compressed Oops: Enabled (32-bit)
 Alignments: Space 512K, Generation 512K, Heap 2M
 Heap Min Capacity: 100M
 Heap Initial Capacity: 100M
 Heap Max Capacity: 2G
 Pre-touch: Disabled
 Parallel Workers: 10
Heap:
 PSYoungGen      total 14848K, used 3486K [0x00000000d5580000, 0x00000000d6d00000, 0x0000000100000000)
  eden space 13824K, 17% used [0x00000000d5580000,0x00000000d57e7918,0x00000000d6300000)
  from space 1024K, 100% used [0x00000000d6c00000,0x00000000d6d00000,0x00000000d6d00000)
  to   space 4096K, 0% used [0x00000000d6500000,0x00000000d6500000,0x00000000d6900000)
 ParOldGen       total 133120K, used 133095K [0x0000000080000000, 0x0000000088200000, 0x00000000d5580000)
  object space 133120K, 99% used [0x0000000080000000,0x00000000881f9fa8,0x0000000088200000)
 Metaspace       used 67511K, committed 68992K, reserved 1114112K
  class space    used 7256K, committed 7872K, reserved 1048576K
GC Heap History (20 events):
Event: 16.397 GC heap before
{Heap before GC invocations=44 (full 3):
 PSYoungGen      total 19456K, used 18888K [0x00000000d5580000, 0x00000000d6b80000, 0x0000000100000000)
  eden space 16896K, 97% used [0x00000000d5580000,0x00000000d6581c58,0x00000000d6600000)
  from space 2560K, 97% used [0x00000000d6900000,0x00000000d6b70640,0x00000000d6b80000)
  to   space 2560K, 0% used [0x00000000d6680000,0x00000000d6680000,0x00000000d6900000)
 ParOldGen       total 68608K, used 43284K [0x0000000080000000, 0x0000000084300000, 0x00000000d5580000)
  object space 68608K, 63% used [0x0000000080000000,0x0000000082a45350,0x0000000084300000)
 Metaspace       used 62263K, committed 63680K, reserved 1114112K
  class space    used 6600K, committed 7232K, reserved 1048576K
}
Event: 16.400 GC heap after
{Heap after GC invocations=44 (full 3):
 PSYoungGen      total 19456K, used 2177K [0x00000000d5580000, 0x00000000d6b00000, 0x0000000100000000)
  eden space 16896K, 0% used [0x00000000d5580000,0x00000000d5580000,0x00000000d6600000)
  from space 2560K, 85% used [0x00000000d6680000,0x00000000d68a0528,0x00000000d6900000)
  to   space 2048K, 0% used [0x00000000d6900000,0x00000000d6900000,0x00000000d6b00000)
 ParOldGen       total 68608K, used 52890K [0x0000000080000000, 0x0000000084300000, 0x00000000d5580000)
  object space 68608K, 77% used [0x0000000080000000,0x00000000833a69b0,0x0000000084300000)
 Metaspace       used 62263K, committed 63680K, reserved 1114112K
  class space    used 6600K, committed 7232K, reserved 1048576K
}
Event: 16.498 GC heap before
{Heap before GC invocations=45 (full 3):
 PSYoungGen      total 19456K, used 19073K [0x00000000d5580000, 0x00000000d6b00000, 0x0000000100000000)
  eden space 16896K, 100% used [0x00000000d5580000,0x00000000d6600000,0x00000000d6600000)
  from space 2560K, 85% used [0x00000000d6680000,0x00000000d68a0528,0x00000000d6900000)
  to   space 2048K, 0% used [0x00000000d6900000,0x00000000d6900000,0x00000000d6b00000)
 ParOldGen       total 91136K, used 90229K [0x0000000080000000, 0x0000000085900000, 0x00000000d5580000)
  object space 91136K, 99% used [0x0000000080000000,0x000000008581d500,0x0000000085900000)
 Metaspace       used 62350K, committed 63808K, reserved 1114112K
  class space    used 6605K, committed 7232K, reserved 1048576K
}
Event: 16.503 GC heap after
{Heap after GC invocations=45 (full 3):
 PSYoungGen      total 15872K, used 2016K [0x00000000d5580000, 0x00000000d7200000, 0x0000000100000000)
  eden space 13824K, 0% used [0x00000000d5580000,0x00000000d5580000,0x00000000d6300000)
  from space 2048K, 98% used [0x00000000d6900000,0x00000000d6af8020,0x00000000d6b00000)
  to   space 6144K, 0% used [0x00000000d6300000,0x00000000d6300000,0x00000000d6900000)
 ParOldGen       total 94208K, used 93712K [0x0000000080000000, 0x0000000085c00000, 0x00000000d5580000)
  object space 94208K, 99% used [0x0000000080000000,0x0000000085b842b8,0x0000000085c00000)
 Metaspace       used 62350K, committed 63808K, reserved 1114112K
  class space    used 6605K, committed 7232K, reserved 1048576K
}
Event: 16.590 GC heap before
{Heap before GC invocations=46 (full 3):
 PSYoungGen      total 15872K, used 15840K [0x00000000d5580000, 0x00000000d7200000, 0x0000000100000000)
  eden space 13824K, 100% used [0x00000000d5580000,0x00000000d6300000,0x00000000d6300000)
  from space 2048K, 98% used [0x00000000d6900000,0x00000000d6af8020,0x00000000d6b00000)
  to   space 6144K, 0% used [0x00000000d6300000,0x00000000d6300000,0x00000000d6900000)
 ParOldGen       total 94208K, used 93712K [0x0000000080000000, 0x0000000085c00000, 0x00000000d5580000)
  object space 94208K, 99% used [0x0000000080000000,0x0000000085b842b8,0x0000000085c00000)
 Metaspace       used 62387K, committed 63872K, reserved 1114112K
  class space    used 6608K, committed 7232K, reserved 1048576K
}
Event: 16.598 GC heap after
{Heap after GC invocations=46 (full 3):
 PSYoungGen      total 19968K, used 6144K [0x00000000d5580000, 0x00000000d7b00000, 0x0000000100000000)
  eden space 13824K, 0% used [0x00000000d5580000,0x00000000d5580000,0x00000000d6300000)
  from space 6144K, 100% used [0x00000000d6300000,0x00000000d6900000,0x00000000d6900000)
  to   space 12288K, 0% used [0x00000000d6f00000,0x00000000d6f00000,0x00000000d7b00000)
 ParOldGen       total 98816K, used 98512K [0x0000000080000000, 0x0000000086080000, 0x00000000d5580000)
  object space 98816K, 99% used [0x0000000080000000,0x00000000860342d8,0x0000000086080000)
 Metaspace       used 62387K, committed 63872K, reserved 1114112K
  class space    used 6608K, committed 7232K, reserved 1048576K
}
Event: 16.673 GC heap before
{Heap before GC invocations=47 (full 3):
 PSYoungGen      total 19968K, used 19968K [0x00000000d5580000, 0x00000000d7b00000, 0x0000000100000000)
  eden space 13824K, 100% used [0x00000000d5580000,0x00000000d6300000,0x00000000d6300000)
  from space 6144K, 100% used [0x00000000d6300000,0x00000000d6900000,0x00000000d6900000)
  to   space 12288K, 0% used [0x00000000d6f00000,0x00000000d6f00000,0x00000000d7b00000)
 ParOldGen       total 98816K, used 98512K [0x0000000080000000, 0x0000000086080000, 0x00000000d5580000)
  object space 98816K, 99% used [0x0000000080000000,0x00000000860342d8,0x0000000086080000)
 Metaspace       used 62387K, committed 63872K, reserved 1114112K
  class space    used 6608K, committed 7232K, reserved 1048576K
}
Event: 16.682 GC heap after
{Heap after GC invocations=47 (full 3):
 PSYoungGen      total 24064K, used 9888K [0x00000000d5580000, 0x00000000d7900000, 0x0000000100000000)
  eden space 13824K, 0% used [0x00000000d5580000,0x00000000d5580000,0x00000000d6300000)
  from space 10240K, 96% used [0x00000000d6f00000,0x00000000d78a8000,0x00000000d7900000)
  to   space 10240K, 0% used [0x00000000d6500000,0x00000000d6500000,0x00000000d6f00000)
 ParOldGen       total 104960K, used 104688K [0x0000000080000000, 0x0000000086680000, 0x00000000d5580000)
  object space 104960K, 99% used [0x0000000080000000,0x000000008663c2d8,0x0000000086680000)
 Metaspace       used 62387K, committed 63872K, reserved 1114112K
  class space    used 6608K, committed 7232K, reserved 1048576K
}
Event: 16.747 GC heap before
{Heap before GC invocations=48 (full 3):
 PSYoungGen      total 24064K, used 23712K [0x00000000d5580000, 0x00000000d7900000, 0x0000000100000000)
  eden space 13824K, 100% used [0x00000000d5580000,0x00000000d6300000,0x00000000d6300000)
  from space 10240K, 96% used [0x00000000d6f00000,0x00000000d78a8000,0x00000000d7900000)
  to   space 10240K, 0% used [0x00000000d6500000,0x00000000d6500000,0x00000000d6f00000)
 ParOldGen       total 104960K, used 104688K [0x0000000080000000, 0x0000000086680000, 0x00000000d5580000)
  object space 104960K, 99% used [0x0000000080000000,0x000000008663c2d8,0x0000000086680000)
 Metaspace       used 62387K, committed 63872K, reserved 1114112K
  class space    used 6608K, committed 7232K, reserved 1048576K
}
Event: 16.757 GC heap after
{Heap after GC invocations=48 (full 3):
 PSYoungGen      total 24064K, used 9824K [0x00000000d5580000, 0x00000000d7700000, 0x0000000100000000)
  eden space 13824K, 0% used [0x00000000d5580000,0x00000000d5580000,0x00000000d6300000)
  from space 10240K, 95% used [0x00000000d6500000,0x00000000d6e98000,0x00000000d6f00000)
  to   space 8192K, 0% used [0x00000000d6f00000,0x00000000d6f00000,0x00000000d7700000)
 ParOldGen       total 114688K, used 114440K [0x0000000080000000, 0x0000000087000000, 0x00000000d5580000)
  object space 114688K, 99% used [0x0000000080000000,0x0000000086fc22d8,0x0000000087000000)
 Metaspace       used 62387K, committed 63872K, reserved 1114112K
  class space    used 6608K, committed 7232K, reserved 1048576K
}
Event: 18.341 GC heap before
{Heap before GC invocations=49 (full 3):
 PSYoungGen      total 24064K, used 23648K [0x00000000d5580000, 0x00000000d7700000, 0x0000000100000000)
  eden space 13824K, 100% used [0x00000000d5580000,0x00000000d6300000,0x00000000d6300000)
  from space 10240K, 95% used [0x00000000d6500000,0x00000000d6e98000,0x00000000d6f00000)
  to   space 8192K, 0% used [0x00000000d6f00000,0x00000000d6f00000,0x00000000d7700000)
 ParOldGen       total 114688K, used 114440K [0x0000000080000000, 0x0000000087000000, 0x00000000d5580000)
  object space 114688K, 99% used [0x0000000080000000,0x0000000086fc22d8,0x0000000087000000)
 Metaspace       used 63040K, committed 64576K, reserved 1114112K
  class space    used 6671K, committed 7296K, reserved 1048576K
}
Event: 18.347 GC heap after
{Heap after GC invocations=49 (full 3):
 PSYoungGen      total 19456K, used 5440K [0x00000000d5580000, 0x00000000d7480000, 0x0000000100000000)
  eden space 13824K, 0% used [0x00000000d5580000,0x00000000d5580000,0x00000000d6300000)
  from space 5632K, 96% used [0x00000000d6f00000,0x00000000d7450000,0x00000000d7480000)
  to   space 7168K, 0% used [0x00000000d6680000,0x00000000d6680000,0x00000000d6d80000)
 ParOldGen       total 124416K, used 124168K [0x0000000080000000, 0x0000000087980000, 0x00000000d5580000)
  object space 124416K, 99% used [0x0000000080000000,0x00000000879422d8,0x0000000087980000)
 Metaspace       used 63040K, committed 64576K, reserved 1114112K
  class space    used 6671K, committed 7296K, reserved 1048576K
}
Event: 18.470 GC heap before
{Heap before GC invocations=50 (full 3):
 PSYoungGen      total 19456K, used 19264K [0x00000000d5580000, 0x00000000d7480000, 0x0000000100000000)
  eden space 13824K, 100% used [0x00000000d5580000,0x00000000d6300000,0x00000000d6300000)
  from space 5632K, 96% used [0x00000000d6f00000,0x00000000d7450000,0x00000000d7480000)
  to   space 7168K, 0% used [0x00000000d6680000,0x00000000d6680000,0x00000000d6d80000)
 ParOldGen       total 124416K, used 124168K [0x0000000080000000, 0x0000000087980000, 0x00000000d5580000)
  object space 124416K, 99% used [0x0000000080000000,0x00000000879422d8,0x0000000087980000)
 Metaspace       used 64674K, committed 66176K, reserved 1114112K
  class space    used 6901K, committed 7488K, reserved 1048576K
}
Event: 18.474 GC heap after
{Heap after GC invocations=50 (full 3):
 PSYoungGen      total 14848K, used 513K [0x00000000d5580000, 0x00000000d6f80000, 0x0000000100000000)
  eden space 13824K, 0% used [0x00000000d5580000,0x00000000d5580000,0x00000000d6300000)
  from space 1024K, 50% used [0x00000000d6680000,0x00000000d67005d8,0x00000000d6780000)
  to   space 3072K, 0% used [0x00000000d6c80000,0x00000000d6c80000,0x00000000d6f80000)
 ParOldGen       total 129536K, used 129520K [0x0000000080000000, 0x0000000087e80000, 0x00000000d5580000)
  object space 129536K, 99% used [0x0000000080000000,0x0000000087e7c2e8,0x0000000087e80000)
 Metaspace       used 64674K, committed 66176K, reserved 1114112K
  class space    used 6901K, committed 7488K, reserved 1048576K
}
Event: 20.350 GC heap before
{Heap before GC invocations=51 (full 3):
 PSYoungGen      total 14848K, used 14305K [0x00000000d5580000, 0x00000000d6f80000, 0x0000000100000000)
  eden space 13824K, 99% used [0x00000000d5580000,0x00000000d62f7fe8,0x00000000d6300000)
  from space 1024K, 50% used [0x00000000d6680000,0x00000000d67005d8,0x00000000d6780000)
  to   space 3072K, 0% used [0x00000000d6c80000,0x00000000d6c80000,0x00000000d6f80000)
 ParOldGen       total 129536K, used 129520K [0x0000000080000000, 0x0000000087e80000, 0x00000000d5580000)
  object space 129536K, 99% used [0x0000000080000000,0x0000000087e7c2e8,0x0000000087e80000)
 Metaspace       used 66307K, committed 67776K, reserved 1114112K
  class space    used 7127K, committed 7744K, reserved 1048576K
}
Event: 20.351 GC heap after
{Heap after GC invocations=51 (full 3):
 PSYoungGen      total 14848K, used 856K [0x00000000d5580000, 0x00000000d6d80000, 0x0000000100000000)
  eden space 13824K, 0% used [0x00000000d5580000,0x00000000d5580000,0x00000000d6300000)
  from space 1024K, 83% used [0x00000000d6c80000,0x00000000d6d56310,0x00000000d6d80000)
  to   space 1536K, 0% used [0x00000000d6a80000,0x00000000d6a80000,0x00000000d6c00000)
 ParOldGen       total 130048K, used 129863K [0x0000000080000000, 0x0000000087f00000, 0x00000000d5580000)
  object space 130048K, 99% used [0x0000000080000000,0x0000000087ed1ef8,0x0000000087f00000)
 Metaspace       used 66307K, committed 67776K, reserved 1114112K
  class space    used 7127K, committed 7744K, reserved 1048576K
}
Event: 29.393 GC heap before
{Heap before GC invocations=52 (full 3):
 PSYoungGen      total 14848K, used 14680K [0x00000000d5580000, 0x00000000d6d80000, 0x0000000100000000)
  eden space 13824K, 100% used [0x00000000d5580000,0x00000000d6300000,0x00000000d6300000)
  from space 1024K, 83% used [0x00000000d6c80000,0x00000000d6d56310,0x00000000d6d80000)
  to   space 1536K, 0% used [0x00000000d6a80000,0x00000000d6a80000,0x00000000d6c00000)
 ParOldGen       total 130048K, used 129863K [0x0000000080000000, 0x0000000087f00000, 0x00000000d5580000)
  object space 130048K, 99% used [0x0000000080000000,0x0000000087ed1ef8,0x0000000087f00000)
 Metaspace       used 66588K, committed 68032K, reserved 1114112K
  class space    used 7159K, committed 7808K, reserved 1048576K
}
Event: 29.394 GC heap after
{Heap after GC invocations=52 (full 3):
 PSYoungGen      total 15360K, used 1504K [0x00000000d5580000, 0x00000000d6d00000, 0x0000000100000000)
  eden space 13824K, 0% used [0x00000000d5580000,0x00000000d5580000,0x00000000d6300000)
  from space 1536K, 97% used [0x00000000d6a80000,0x00000000d6bf8220,0x00000000d6c00000)
  to   space 1024K, 0% used [0x00000000d6c00000,0x00000000d6c00000,0x00000000d6d00000)
 ParOldGen       total 131072K, used 130567K [0x0000000080000000, 0x0000000088000000, 0x00000000d5580000)
  object space 131072K, 99% used [0x0000000080000000,0x0000000087f81d88,0x0000000088000000)
 Metaspace       used 66588K, committed 68032K, reserved 1114112K
  class space    used 7159K, committed 7808K, reserved 1048576K
}
Event: 320.227 GC heap before
{Heap before GC invocations=53 (full 3):
 PSYoungGen      total 15360K, used 15328K [0x00000000d5580000, 0x00000000d6d00000, 0x0000000100000000)
  eden space 13824K, 99% used [0x00000000d5580000,0x00000000d62fff38,0x00000000d6300000)
  from space 1536K, 97% used [0x00000000d6a80000,0x00000000d6bf8220,0x00000000d6c00000)
  to   space 1024K, 0% used [0x00000000d6c00000,0x00000000d6c00000,0x00000000d6d00000)
 ParOldGen       total 131072K, used 130567K [0x0000000080000000, 0x0000000088000000, 0x00000000d5580000)
  object space 131072K, 99% used [0x0000000080000000,0x0000000087f81d88,0x0000000088000000)
 Metaspace       used 67308K, committed 68800K, reserved 1114112K
  class space    used 7231K, committed 7872K, reserved 1048576K
}
Event: 320.229 GC heap after
{Heap after GC invocations=53 (full 3):
 PSYoungGen      total 14848K, used 1024K [0x00000000d5580000, 0x00000000d6d00000, 0x0000000100000000)
  eden space 13824K, 0% used [0x00000000d5580000,0x00000000d5580000,0x00000000d6300000)
  from space 1024K, 100% used [0x00000000d6c00000,0x00000000d6d00000,0x00000000d6d00000)
  to   space 4096K, 0% used [0x00000000d6500000,0x00000000d6500000,0x00000000d6900000)
 ParOldGen       total 133120K, used 133095K [0x0000000080000000, 0x0000000088200000, 0x00000000d5580000)
  object space 133120K, 99% used [0x0000000080000000,0x00000000881f9fa8,0x0000000088200000)
 Metaspace       used 67308K, committed 68800K, reserved 1114112K
  class space    used 7231K, committed 7872K, reserved 1048576K
}

