# JRE version: OpenJDK Runtime Environment Temurin-21.0.8+9 (21.0.8+9) (build 21.0.8+9-LTS)
# Java VM: OpenJDK 64-Bit Server VM Temurin-21.0.8+9 (21.0.8+9-LTS, mixed mode, sharing, tiered, compressed oops, compressed class ptrs, parallel gc, windows-amd64)
GC Precious Log:
 CardTable entry size: 512
 CPUs: 12 total, 12 available
 Memory: 15697M
 Large Page Support: Disabled
 NUMA Support: Disabled
 Compressed Oops: Enabled (32-bit)
 Alignments: Space 512K, Generation 512K, Heap 2M
 Heap Min Capacity: 100M
 Heap Initial Capacity: 100M
 Heap Max Capacity: 2G
 Pre-touch: Disabled
 Parallel Workers: 10
Heap:
 PSYoungGen      total 17408K, used 9375K [0x00000000d5580000, 0x00000000d6980000, 0x0000000100000000)
  eden space 16384K, 52% used [0x00000000d5580000,0x00000000d5de9978,0x00000000d6580000)
  from space 1024K, 74% used [0x00000000d6880000,0x00000000d693e490,0x00000000d6980000)
  to   space 1536K, 0% used [0x00000000d6680000,0x00000000d6680000,0x00000000d6800000)
 ParOldGen       total 68608K, used 42987K [0x0000000080000000, 0x0000000084300000, 0x00000000d5580000)
  object space 68608K, 62% used [0x0000000080000000,0x00000000829face0,0x0000000084300000)
 Metaspace       used 62672K, committed 64128K, reserved 1114112K
  class space    used 6724K, committed 7360K, reserved 1048576K
GC Heap History (20 events):
Event: 6.559 GC heap before
{Heap before GC invocations=32 (full 2):
 PSYoungGen      total 17408K, used 17404K [0x00000000d5580000, 0x00000000d6980000, 0x0000000100000000)
  eden space 16384K, 100% used [0x00000000d5580000,0x00000000d6580000,0x00000000d6580000)
  from space 1024K, 99% used [0x00000000d6580000,0x00000000d667f358,0x00000000d6680000)
  to   space 2048K, 0% used [0x00000000d6780000,0x00000000d6780000,0x00000000d6980000)
 ParOldGen       total 68608K, used 40440K [0x0000000080000000, 0x0000000084300000, 0x00000000d5580000)
  object space 68608K, 58% used [0x0000000080000000,0x000000008277e3d8,0x0000000084300000)
 Metaspace       used 51352K, committed 52608K, reserved 1114112K
  class space    used 5577K, committed 6144K, reserved 1048576K
}
Event: 6.560 GC heap after
{Heap after GC invocations=32 (full 2):
 PSYoungGen      total 17920K, used 1233K [0x00000000d5580000, 0x00000000d6900000, 0x0000000100000000)
  eden space 16384K, 0% used [0x00000000d5580000,0x00000000d5580000,0x00000000d6580000)
  from space 1536K, 80% used [0x00000000d6780000,0x00000000d68b4440,0x00000000d6900000)
  to   space 1536K, 0% used [0x00000000d6600000,0x00000000d6600000,0x00000000d6780000)
 ParOldGen       total 68608K, used 41277K [0x0000000080000000, 0x0000000084300000, 0x00000000d5580000)
  object space 68608K, 60% used [0x0000000080000000,0x000000008284f640,0x0000000084300000)
 Metaspace       used 51352K, committed 52608K, reserved 1114112K
  class space    used 5577K, committed 6144K, reserved 1048576K
}
Event: 6.679 GC heap before
{Heap before GC invocations=33 (full 2):
 PSYoungGen      total 17920K, used 17617K [0x00000000d5580000, 0x00000000d6900000, 0x0000000100000000)
  eden space 16384K, 100% used [0x00000000d5580000,0x00000000d6580000,0x00000000d6580000)
  from space 1536K, 80% used [0x00000000d6780000,0x00000000d68b4440,0x00000000d6900000)
  to   space 1536K, 0% used [0x00000000d6600000,0x00000000d6600000,0x00000000d6780000)
 ParOldGen       total 68608K, used 41277K [0x0000000080000000, 0x0000000084300000, 0x00000000d5580000)
  object space 68608K, 60% used [0x0000000080000000,0x000000008284f640,0x0000000084300000)
 Metaspace       used 52617K, committed 53760K, reserved 1114112K
  class space    used 5696K, committed 6208K, reserved 1048576K
}
Event: 6.680 GC heap after
{Heap after GC invocations=33 (full 2):
 PSYoungGen      total 16896K, used 352K [0x00000000d5580000, 0x00000000d6800000, 0x0000000100000000)
  eden space 16384K, 0% used [0x00000000d5580000,0x00000000d5580000,0x00000000d6580000)
  from space 512K, 68% used [0x00000000d6600000,0x00000000d6658000,0x00000000d6680000)
  to   space 1024K, 0% used [0x00000000d6700000,0x00000000d6700000,0x00000000d6800000)
 ParOldGen       total 68608K, used 41301K [0x0000000080000000, 0x0000000084300000, 0x00000000d5580000)
  object space 68608K, 60% used [0x0000000080000000,0x0000000082855640,0x0000000084300000)
 Metaspace       used 52617K, committed 53760K, reserved 1114112K
  class space    used 5696K, committed 6208K, reserved 1048576K
}
Event: 6.967 GC heap before
{Heap before GC invocations=34 (full 2):
 PSYoungGen      total 16896K, used 16735K [0x00000000d5580000, 0x00000000d6800000, 0x0000000100000000)
  eden space 16384K, 99% used [0x00000000d5580000,0x00000000d657ffd8,0x00000000d6580000)
  from space 512K, 68% used [0x00000000d6600000,0x00000000d6658000,0x00000000d6680000)
  to   space 1024K, 0% used [0x00000000d6700000,0x00000000d6700000,0x00000000d6800000)
 ParOldGen       total 68608K, used 41301K [0x0000000080000000, 0x0000000084300000, 0x00000000d5580000)
  object space 68608K, 60% used [0x0000000080000000,0x0000000082855640,0x0000000084300000)
 Metaspace       used 54731K, committed 56000K, reserved 1114112K
  class space    used 5904K, committed 6464K, reserved 1048576K
}
Event: 6.968 GC heap after
{Heap after GC invocations=34 (full 2):
 PSYoungGen      total 17408K, used 584K [0x00000000d5580000, 0x00000000d6800000, 0x0000000100000000)
  eden space 16384K, 0% used [0x00000000d5580000,0x00000000d5580000,0x00000000d6580000)
  from space 1024K, 57% used [0x00000000d6700000,0x00000000d67923a8,0x00000000d6800000)
  to   space 1024K, 0% used [0x00000000d6600000,0x00000000d6600000,0x00000000d6700000)
 ParOldGen       total 68608K, used 41493K [0x0000000080000000, 0x0000000084300000, 0x00000000d5580000)
  object space 68608K, 60% used [0x0000000080000000,0x0000000082885640,0x0000000084300000)
 Metaspace       used 54731K, committed 56000K, reserved 1114112K
  class space    used 5904K, committed 6464K, reserved 1048576K
}
Event: 7.241 GC heap before
{Heap before GC invocations=35 (full 2):
 PSYoungGen      total 17408K, used 16968K [0x00000000d5580000, 0x00000000d6800000, 0x0000000100000000)
  eden space 16384K, 100% used [0x00000000d5580000,0x00000000d6580000,0x00000000d6580000)
  from space 1024K, 57% used [0x00000000d6700000,0x00000000d67923a8,0x00000000d6800000)
  to   space 1024K, 0% used [0x00000000d6600000,0x00000000d6600000,0x00000000d6700000)
 ParOldGen       total 68608K, used 41493K [0x0000000080000000, 0x0000000084300000, 0x00000000d5580000)
  object space 68608K, 60% used [0x0000000080000000,0x0000000082885640,0x0000000084300000)
 Metaspace       used 56972K, committed 58240K, reserved 1114112K
  class space    used 6145K, committed 6656K, reserved 1048576K
}
Event: 7.243 GC heap after
{Heap after GC invocations=35 (full 2):
 PSYoungGen      total 17408K, used 1010K [0x00000000d5580000, 0x00000000d6980000, 0x0000000100000000)
  eden space 16384K, 0% used [0x00000000d5580000,0x00000000d5580000,0x00000000d6580000)
  from space 1024K, 98% used [0x00000000d6600000,0x00000000d66fc880,0x00000000d6700000)
  to   space 2048K, 0% used [0x00000000d6780000,0x00000000d6780000,0x00000000d6980000)
 ParOldGen       total 68608K, used 42232K [0x0000000080000000, 0x0000000084300000, 0x00000000d5580000)
  object space 68608K, 61% used [0x0000000080000000,0x000000008293e0f0,0x0000000084300000)
 Metaspace       used 56972K, committed 58240K, reserved 1114112K
  class space    used 6145K, committed 6656K, reserved 1048576K
}
Event: 7.436 GC heap before
{Heap before GC invocations=36 (full 2):
 PSYoungGen      total 17408K, used 17394K [0x00000000d5580000, 0x00000000d6980000, 0x0000000100000000)
  eden space 16384K, 100% used [0x00000000d5580000,0x00000000d6580000,0x00000000d6580000)
  from space 1024K, 98% used [0x00000000d6600000,0x00000000d66fc880,0x00000000d6700000)
  to   space 2048K, 0% used [0x00000000d6780000,0x00000000d6780000,0x00000000d6980000)
 ParOldGen       total 68608K, used 42232K [0x0000000080000000, 0x0000000084300000, 0x00000000d5580000)
  object space 68608K, 61% used [0x0000000080000000,0x000000008293e108,0x0000000084300000)
 Metaspace       used 58344K, committed 59712K, reserved 1114112K
  class space    used 6294K, committed 6912K, reserved 1048576K
}
Event: 7.437 GC heap after
{Heap after GC invocations=36 (full 2):
 PSYoungGen      total 17408K, used 816K [0x00000000d5580000, 0x00000000d6880000, 0x0000000100000000)
  eden space 16384K, 0% used [0x00000000d5580000,0x00000000d5580000,0x00000000d6580000)
  from space 1024K, 79% used [0x00000000d6780000,0x00000000d684c050,0x00000000d6880000)
  to   space 1536K, 0% used [0x00000000d6580000,0x00000000d6580000,0x00000000d6700000)
 ParOldGen       total 68608K, used 43258K [0x0000000080000000, 0x0000000084300000, 0x00000000d5580000)
  object space 68608K, 63% used [0x0000000080000000,0x0000000082a3e988,0x0000000084300000)
 Metaspace       used 58344K, committed 59712K, reserved 1114112K
  class space    used 6294K, committed 6912K, reserved 1048576K
}
Event: 7.442 GC heap before
{Heap before GC invocations=37 (full 2):
 PSYoungGen      total 17408K, used 1488K [0x00000000d5580000, 0x00000000d6880000, 0x0000000100000000)
  eden space 16384K, 4% used [0x00000000d5580000,0x00000000d5628370,0x00000000d6580000)
  from space 1024K, 79% used [0x00000000d6780000,0x00000000d684c050,0x00000000d6880000)
  to   space 1536K, 0% used [0x00000000d6580000,0x00000000d6580000,0x00000000d6700000)
 ParOldGen       total 68608K, used 43258K [0x0000000080000000, 0x0000000084300000, 0x00000000d5580000)
  object space 68608K, 63% used [0x0000000080000000,0x0000000082a3e988,0x0000000084300000)
 Metaspace       used 58404K, committed 59776K, reserved 1114112K
  class space    used 6296K, committed 6912K, reserved 1048576K
}
Event: 7.444 GC heap after
{Heap after GC invocations=37 (full 2):
 PSYoungGen      total 17920K, used 390K [0x00000000d5580000, 0x00000000d6800000, 0x0000000100000000)
  eden space 16384K, 0% used [0x00000000d5580000,0x00000000d5580000,0x00000000d6580000)
  from space 1536K, 25% used [0x00000000d6580000,0x00000000d65e1b30,0x00000000d6700000)
  to   space 1024K, 0% used [0x00000000d6700000,0x00000000d6700000,0x00000000d6800000)
 ParOldGen       total 68608K, used 43903K [0x0000000080000000, 0x0000000084300000, 0x00000000d5580000)
  object space 68608K, 63% used [0x0000000080000000,0x0000000082adfe18,0x0000000084300000)
 Metaspace       used 58404K, committed 59776K, reserved 1114112K
  class space    used 6296K, committed 6912K, reserved 1048576K
}
Event: 7.444 GC heap before
{Heap before GC invocations=38 (full 3):
 PSYoungGen      total 17920K, used 390K [0x00000000d5580000, 0x00000000d6800000, 0x0000000100000000)
  eden space 16384K, 0% used [0x00000000d5580000,0x00000000d5580000,0x00000000d6580000)
  from space 1536K, 25% used [0x00000000d6580000,0x00000000d65e1b30,0x00000000d6700000)
  to   space 1024K, 0% used [0x00000000d6700000,0x00000000d6700000,0x00000000d6800000)
 ParOldGen       total 68608K, used 43903K [0x0000000080000000, 0x0000000084300000, 0x00000000d5580000)
  object space 68608K, 63% used [0x0000000080000000,0x0000000082adfe18,0x0000000084300000)
 Metaspace       used 58404K, committed 59776K, reserved 1114112K
  class space    used 6296K, committed 6912K, reserved 1048576K
}
Event: 7.504 GC heap after
{Heap after GC invocations=38 (full 3):
 PSYoungGen      total 17920K, used 0K [0x00000000d5580000, 0x00000000d6800000, 0x0000000100000000)
  eden space 16384K, 0% used [0x00000000d5580000,0x00000000d5580000,0x00000000d6580000)
  from space 1536K, 0% used [0x00000000d6580000,0x00000000d6580000,0x00000000d6700000)
  to   space 1024K, 0% used [0x00000000d6700000,0x00000000d6700000,0x00000000d6800000)
 ParOldGen       total 68608K, used 40585K [0x0000000080000000, 0x0000000084300000, 0x00000000d5580000)
  object space 68608K, 59% used [0x0000000080000000,0x00000000827a26d0,0x0000000084300000)
 Metaspace       used 58404K, committed 59776K, reserved 1114112K
  class space    used 6296K, committed 6912K, reserved 1048576K
}
Event: 7.652 GC heap before
{Heap before GC invocations=39 (full 3):
 PSYoungGen      total 17920K, used 16384K [0x00000000d5580000, 0x00000000d6800000, 0x0000000100000000)
  eden space 16384K, 100% used [0x00000000d5580000,0x00000000d6580000,0x00000000d6580000)
  from space 1536K, 0% used [0x00000000d6580000,0x00000000d6580000,0x00000000d6700000)
  to   space 1024K, 0% used [0x00000000d6700000,0x00000000d6700000,0x00000000d6800000)
 ParOldGen       total 68608K, used 40588K [0x0000000080000000, 0x0000000084300000, 0x00000000d5580000)
  object space 68608K, 59% used [0x0000000080000000,0x00000000827a3248,0x0000000084300000)
 Metaspace       used 59883K, committed 61376K, reserved 1114112K
  class space    used 6458K, committed 7104K, reserved 1048576K
}
Event: 7.654 GC heap after
{Heap after GC invocations=39 (full 3):
 PSYoungGen      total 17408K, used 1001K [0x00000000d5580000, 0x00000000d6880000, 0x0000000100000000)
  eden space 16384K, 0% used [0x00000000d5580000,0x00000000d5580000,0x00000000d6580000)
  from space 1024K, 97% used [0x00000000d6700000,0x00000000d67fa760,0x00000000d6800000)
  to   space 1536K, 0% used [0x00000000d6580000,0x00000000d6580000,0x00000000d6700000)
 ParOldGen       total 68608K, used 40852K [0x0000000080000000, 0x0000000084300000, 0x00000000d5580000)
  object space 68608K, 59% used [0x0000000080000000,0x00000000827e5268,0x0000000084300000)
 Metaspace       used 59883K, committed 61376K, reserved 1114112K
  class space    used 6458K, committed 7104K, reserved 1048576K
}
Event: 7.874 GC heap before
{Heap before GC invocations=40 (full 3):
 PSYoungGen      total 17408K, used 17385K [0x00000000d5580000, 0x00000000d6880000, 0x0000000100000000)
  eden space 16384K, 100% used [0x00000000d5580000,0x00000000d6580000,0x00000000d6580000)
  from space 1024K, 97% used [0x00000000d6700000,0x00000000d67fa760,0x00000000d6800000)
  to   space 1536K, 0% used [0x00000000d6580000,0x00000000d6580000,0x00000000d6700000)
 ParOldGen       total 68608K, used 40852K [0x0000000080000000, 0x0000000084300000, 0x00000000d5580000)
  object space 68608K, 59% used [0x0000000080000000,0x00000000827e5268,0x0000000084300000)
 Metaspace       used 60719K, committed 62208K, reserved 1114112K
  class space    used 6530K, committed 7168K, reserved 1048576K
}
Event: 7.877 GC heap after
{Heap after GC invocations=40 (full 3):
 PSYoungGen      total 17920K, used 1508K [0x00000000d5580000, 0x00000000d6b80000, 0x0000000100000000)
  eden space 16384K, 0% used [0x00000000d5580000,0x00000000d5580000,0x00000000d6580000)
  from space 1536K, 98% used [0x00000000d6580000,0x00000000d66f9010,0x00000000d6700000)
  to   space 3072K, 0% used [0x00000000d6880000,0x00000000d6880000,0x00000000d6b80000)
 ParOldGen       total 68608K, used 41940K [0x0000000080000000, 0x0000000084300000, 0x00000000d5580000)
  object space 68608K, 61% used [0x0000000080000000,0x00000000828f52d0,0x0000000084300000)
 Metaspace       used 60719K, committed 62208K, reserved 1114112K
  class space    used 6530K, committed 7168K, reserved 1048576K
}
Event: 18.860 GC heap before
{Heap before GC invocations=41 (full 3):
 PSYoungGen      total 17920K, used 17580K [0x00000000d5580000, 0x00000000d6b80000, 0x0000000100000000)
  eden space 16384K, 98% used [0x00000000d5580000,0x00000000d6532110,0x00000000d6580000)
  from space 1536K, 98% used [0x00000000d6580000,0x00000000d66f9010,0x00000000d6700000)
  to   space 3072K, 0% used [0x00000000d6880000,0x00000000d6880000,0x00000000d6b80000)
 ParOldGen       total 68608K, used 41940K [0x0000000080000000, 0x0000000084300000, 0x00000000d5580000)
  object space 68608K, 61% used [0x0000000080000000,0x00000000828f52d0,0x0000000084300000)
 Metaspace       used 61904K, committed 63424K, reserved 1114112K
  class space    used 6661K, committed 7296K, reserved 1048576K
}
Event: 18.862 GC heap after
{Heap after GC invocations=41 (full 3):
 PSYoungGen      total 17408K, used 761K [0x00000000d5580000, 0x00000000d6980000, 0x0000000100000000)
  eden space 16384K, 0% used [0x00000000d5580000,0x00000000d5580000,0x00000000d6580000)
  from space 1024K, 74% used [0x00000000d6880000,0x00000000d693e490,0x00000000d6980000)
  to   space 1536K, 0% used [0x00000000d6680000,0x00000000d6680000,0x00000000d6800000)
 ParOldGen       total 68608K, used 42987K [0x0000000080000000, 0x0000000084300000, 0x00000000d5580000)
  object space 68608K, 62% used [0x0000000080000000,0x00000000829face0,0x0000000084300000)
 Metaspace       used 61904K, committed 63424K, reserved 1114112K
  class space    used 6661K, committed 7296K, reserved 1048576K
}

